2023-06-12 15:27:55,785 INFO o.a.j.u.JMeterUtils: Setting Locale to en_EN
2023-06-12 15:27:55,800 INFO o.a.j.JMeter: Loading user properties from: /Users/smarteyetelkom/Documents/tools/apache-jmeter-5.5/bin/user.properties
2023-06-12 15:27:55,800 INFO o.a.j.JMeter: Loading system properties from: /Users/smarteyetelkom/Documents/tools/apache-jmeter-5.5/bin/system.properties
2023-06-12 15:27:55,804 INFO o.a.j.JMeter: Copyright (c) 1998-2022 The Apache Software Foundation
2023-06-12 15:27:55,804 INFO o.a.j.JMeter: Version 5.5
2023-06-12 15:27:55,804 INFO o.a.j.JMeter: java.version=17.0.7
2023-06-12 15:27:55,804 INFO o.a.j.JMeter: java.vm.name=Java HotSpot(TM) 64-Bit Server VM
2023-06-12 15:27:55,804 INFO o.a.j.JMeter: os.name=Mac OS X
2023-06-12 15:27:55,804 INFO o.a.j.JMeter: os.arch=aarch64
2023-06-12 15:27:55,804 INFO o.a.j.JMeter: os.version=12.3.1
2023-06-12 15:27:55,804 INFO o.a.j.JMeter: file.encoding=UTF-8
2023-06-12 15:27:55,804 INFO o.a.j.JMeter: java.awt.headless=null
2023-06-12 15:27:55,804 INFO o.a.j.JMeter: Max memory     =1073741824
2023-06-12 15:27:55,804 INFO o.a.j.JMeter: Available Processors =8
2023-06-12 15:27:55,809 INFO o.a.j.JMeter: Default Locale=English (EN)
2023-06-12 15:27:55,810 INFO o.a.j.JMeter: JMeter  Locale=English (EN)
2023-06-12 15:27:55,810 INFO o.a.j.JMeter: JMeterHome=/Users/smarteyetelkom/Documents/tools/apache-jmeter-5.5
2023-06-12 15:27:55,810 INFO o.a.j.JMeter: user.dir  =/Users/smarteyetelkom/Documents/dataRafi/project/reqresDemo
2023-06-12 15:27:55,810 INFO o.a.j.JMeter: PWD       =/Users/smarteyetelkom/Documents/dataRafi/project/reqresDemo
2023-06-12 15:27:55,817 INFO o.a.j.JMeter: IP: 192.168.0.136 Name: smarteyes-iMac FullName: smarteyes-imac
